<?xml version="1.0" encoding="UTF-8"?>
<!-- Generated by org.testng.reporters.JUnitReportReporter -->
<testsuite hostname="DESKTOP-5JJ3FQM" failures="0" tests="1" name="api.test.UserTests" time="3.851" errors="0" timestamp="2023-09-24T15:40:34 IST" skipped="0">
  <testcase classname="api.test.UserTests" name="testGetUser" time="3.851"/>
  <system-out/>
</testsuite> <!-- api.test.UserTests -->
