<?xml version="1.0" encoding="UTF-8"?>
<!-- Generated by org.testng.reporters.JUnitReportReporter -->
<testsuite hostname="DESKTOP-5JJ3FQM" failures="0" tests="3" name="api.test.UserTests" time="7.883" errors="0" timestamp="2023-09-24T16:53:39 IST" skipped="0">
  <testcase classname="api.test.UserTests" name="testPutUser" time="1.564"/>
  <system-out/>
  <testcase classname="api.test.UserTests" name="testPostUser" time="2.167"/>
  <system-out/>
  <testcase classname="api.test.UserTests" name="testGetUser" time="4.152"/>
  <system-out/>
</testsuite> <!-- api.test.UserTests -->
