<?xml version="1.0" encoding="UTF-8"?>
<!-- Generated by org.testng.reporters.JUnitReportReporter -->
<testsuite hostname="DESKTOP-5JJ3FQM" failures="0" tests="3" name="api.test.DDTests" time="9.152" errors="0" timestamp="2023-09-26T22:53:00 IST" skipped="0">
  <testcase classname="api.test.DDTests" name="testPostMultipleUser" time="1.580"/>
  <system-out/>
  <testcase classname="api.test.DDTests" name="testPostMultipleUser" time="6.042"/>
  <system-out/>
  <testcase classname="api.test.DDTests" name="testPostMultipleUser" time="1.530"/>
  <system-out/>
</testsuite> <!-- api.test.DDTests -->
