<?xml version="1.0" encoding="UTF-8"?>
<!-- Generated by org.testng.reporters.JUnitReportReporter -->
<testsuite hostname="DESKTOP-5JJ3FQM" failures="0" tests="3" name="api.test.DDTests" time="7.634" errors="0" timestamp="2023-09-24T20:39:42 IST" skipped="0">
  <testcase classname="api.test.DDTests" name="testPostMultipleUser" time="1.226"/>
  <system-out/>
  <testcase classname="api.test.DDTests" name="testPostMultipleUser" time="4.805"/>
  <system-out/>
  <testcase classname="api.test.DDTests" name="testPostMultipleUser" time="1.603"/>
  <system-out/>
</testsuite> <!-- api.test.DDTests -->
